<?xml version="1.0" encoding="UTF-8"?>
<testng-results skipped="0" failed="0" ignored="0" total="2" passed="2">
  <reporter-output>
  </reporter-output>
  <suite name="Default suite" duration-ms="44829" started-at="2017-09-22T10:44:56Z" finished-at="2017-09-22T10:45:41Z">
    <groups>
    </groups>
    <test name="Default test" duration-ms="44829" started-at="2017-09-22T10:44:56Z" finished-at="2017-09-22T10:45:41Z">
      <class name="goods.Tests">
        <test-method status="PASS" signature="setUp()[pri:0, instance:goods.Tests@1e88b3c]" name="setUp" is-config="true" duration-ms="19217" started-at="2017-09-22T13:44:56Z" finished-at="2017-09-22T13:45:16Z">
          <reporter-output>
          </reporter-output>
        </test-method> <!-- setUp -->
        <test-method status="PASS" signature="testAdministratorLogin(java.lang.String, java.lang.String, java.lang.String)[pri:0, instance:goods.Tests@1e88b3c]" name="testAdministratorLogin" duration-ms="9809" started-at="2017-09-22T13:45:20Z" data-provider="testData" finished-at="2017-09-22T13:45:30Z">
          <params>
            <param index="0">
              <value>
                <![CDATA[admin2]]>
              </value>
            </param>
            <param index="1">
              <value>
                <![CDATA[rb085b]]>
              </value>
            </param>
            <param index="2">
              <value>
                <![CDATA[test - Administration]]>
              </value>
            </param>
          </params>
          <reporter-output>
          </reporter-output>
        </test-method> <!-- testAdministratorLogin -->
        <test-method status="PASS" signature="testAdministratorLogin(java.lang.String, java.lang.String, java.lang.String)[pri:0, instance:goods.Tests@1e88b3c]" name="testAdministratorLogin" duration-ms="5331" started-at="2017-09-22T13:45:30Z" data-provider="testData" finished-at="2017-09-22T13:45:35Z">
          <params>
            <param index="0">
              <value>
                <![CDATA[admin]]>
              </value>
            </param>
            <param index="1">
              <value>
                <![CDATA[rb085b]]>
              </value>
            </param>
            <param index="2">
              <value>
                <![CDATA[Control Panel - test - Administration]]>
              </value>
            </param>
          </params>
          <reporter-output>
          </reporter-output>
        </test-method> <!-- testAdministratorLogin -->
        <test-method status="PASS" signature="tearDown()[pri:0, instance:goods.Tests@1e88b3c]" name="tearDown" is-config="true" duration-ms="5922" started-at="2017-09-22T13:45:35Z" finished-at="2017-09-22T13:45:41Z">
          <reporter-output>
          </reporter-output>
        </test-method> <!-- tearDown -->
      </class> <!-- goods.Tests -->
    </test> <!-- Default test -->
  </suite> <!-- Default suite -->
</testng-results>
